C51 COMPILER V9.01   DHT_T_RH                                                              08/28/2015 09:57:29 PAGE 1   


C51 COMPILER V9.01, COMPILATION OF MODULE DHT_T_RH
OBJECT MODULE PLACED IN DHT_T_RH.OBJ
COMPILER INVOKED BY: D:\C51\BIN\C51.EXE DHT_T_RH.C BROWSE INCDIR(..\PM2.5) DEBUG OBJECTEXTEND

line level    source

   1          #include <reg52.h>
   2          #include"head_file.h"
   3             
   4          uchar  U8FLAG;
   5          uchar  U8count,U8temp;
   6          uchar  U8T_data_H,U8T_data_L,U8RH_data_H,U8RH_data_L,U8checkdata;
   7          uchar  U8T_data_H_temp,U8T_data_L_temp,U8RH_data_H_temp,U8RH_data_L_temp,U8checkdata_temp;
   8          uchar  U8comdata;
   9          
  10          
  11           
  12          void Delay(uint j)
  13              {      uchar i;
  14   1                  for(;j>0;j--)
  15   1                {     
  16   2                      for(i=0;i<27;i++);
  17   2      
  18   2                }
  19   1          }
  20          
  21          void  Delay_10us(void)
  22                {
  23   1              uchar i;
  24   1              i--;
  25   1              i--;
  26   1              i--;
  27   1              i--;
  28   1              i--;
  29   1              i--;
  30   1             }        
  31          void  COM(void)
  32                {    
  33   1                     
  34   1                          uchar i;
  35   1             for(i=0;i<8;i++)    
  36   1                  {
  37   2                          U8FLAG=2;
  38   2                      //----------------------
  39   2      //               P2_1=0 ;  //T
  40   2      //               P2_1=1 ;  //T
  41   2                  //---------------------- 
  42   2              
  43   2                      while((!P2_0)&&U8FLAG++);
  44   2                              Delay_10us();
  45   2                              Delay_10us();
  46   2                      //      Delay_10us();
  47   2                              U8temp=0;
  48   2                   if(P2_0)U8temp=1;
  49   2                          U8FLAG=2;
  50   2                       while((P2_0)&&U8FLAG++);
  51   2                              
  52   2                  //----------------------
  53   2      //                P2_1=0 ;  //T
  54   2      //                P2_1=1 ;  //T
  55   2                 //----------------------
C51 COMPILER V9.01   DHT_T_RH                                                              08/28/2015 09:57:29 PAGE 2   

  56   2                      //超时则跳出for循环               
  57   2                       if(U8FLAG==1)break;
  58   2                      //判断数据位是0还是1     
  59   2                      // 如果高电平高过预定0高电平值则数据位为 1               
  60   2                         U8comdata<<=1;
  61   2                         U8comdata|=U8temp;        //0
  62   2                   }//rof
  63   1                 
  64   1              }
  65          
  66                  //--------------------------------
  67                  //-----湿度读取子程序 ------------
  68                  //--------------------------------
  69                  //----以下变量均为全局变量--------
  70                  //----温度高8位== U8T_data_H------
  71                  //----温度低8位== U8T_data_L------
  72                  //----湿度高8位== U8RH_data_H-----
  73                  //----湿度低8位== U8RH_data_L-----
  74                  //----校验 8位 == U8checkdata-----
  75                  //----调用相关子程序如下----------
  76                  //---- Delay();, Delay_10us();,COM(); 
  77                  //--------------------------------
  78          
  79          void RH(void)
  80                  {
  81   1                //主机拉低18ms 
  82   1                RHT_flag=0;
  83   1             P2_0=0;
  84   1                 Delay(180);
  85   1                 P2_0=1;
  86   1               //总线由上拉电阻拉高 主机延时20us
  87   1                 Delay_10us();
  88   1                 Delay_10us();
  89   1                 Delay_10us();
  90   1                 Delay_10us();
  91   1               //主机设为输入 判断从机响应信号 
  92   1                 P2_0=1;
  93   1               //判断从机是否有低电平响应信号 如不响应则跳出，响应则向下运行    
  94   1                 if(!P2_0)             //T !    
  95   1                 {
  96   2                 U8FLAG=2;
  97   2               //判断从机是否发出 80us 的低电平响应信号是否结束        while（！P2_0）i++；if（i>70）{while()}
  98   2                 while((!P2_0)&&U8FLAG++);
  99   2                 U8FLAG=2;
 100   2               //判断从机是否发出 80us 的高电平，如发出则进入数据接收状态
 101   2                 while((P2_0)&&U8FLAG++);
 102   2               //数据接收状态          
 103   2                 COM();
 104   2                 U8RH_data_H_temp=U8comdata;
 105   2                 COM();
 106   2                 U8RH_data_L_temp=U8comdata;
 107   2                 COM();
 108   2                 U8T_data_H_temp=U8comdata;
 109   2                 COM();
 110   2                 U8T_data_L_temp=U8comdata;
 111   2                 COM();
 112   2                 U8checkdata_temp=U8comdata;
 113   2                 P2_0=1;
 114   2               //数据校验 
 115   2                 U8temp=(U8T_data_H_temp+U8T_data_L_temp+U8RH_data_H_temp+U8RH_data_L_temp);
 116   2                 if(U8temp==U8checkdata_temp)
 117   2                 {
C51 COMPILER V9.01   DHT_T_RH                                                              08/28/2015 09:57:29 PAGE 3   

 118   3                        U8RH_data_H=U8RH_data_H_temp;
 119   3                        U8RH_data_L=U8RH_data_L_temp;
 120   3                        U8T_data_H=U8T_data_H_temp;
 121   3                        U8T_data_L=U8T_data_L_temp;
 122   3                        U8checkdata=U8checkdata_temp;
 123   3                        RHT_flag=1;
 124   3                 }//fi
 125   2                 }//fi
 126   1      
 127   1              }
 128           
 129                   


MODULE INFORMATION:   STATIC OVERLAYABLE
   CODE SIZE        =    219    ----
   CONSTANT SIZE    =   ----    ----
   XDATA SIZE       =   ----    ----
   PDATA SIZE       =   ----    ----
   DATA SIZE        =     14       1
   IDATA SIZE       =   ----    ----
   BIT SIZE         =      1    ----
END OF MODULE INFORMATION.


C51 COMPILATION COMPLETE.  0 WARNING(S),  0 ERROR(S)
