C51 COMPILER V9.06   LCD12864                                                              06/02/2014 21:58:17 PAGE 1   


C51 COMPILER V9.06, COMPILATION OF MODULE LCD12864
OBJECT MODULE PLACED IN LCD12864.OBJ
COMPILER INVOKED BY: D:\Keil\C51\BIN\C51.EXE LCD12864.c BROWSE DEBUG OBJECTEXTEND TABS(2)

line level    source

   1          #include <STC12C5A60S2.h>
   2          #include "stdio.h"
   3          #include <LCD12864.h>
   4          
   5          sbit LCD12864_RS  =  P1^5;   //RS控制引脚
   6          sbit LCD12864_RW  =  P1^6;   //RW控制引脚
   7          sbit LCD12864_EN  =  P1^7;   //EN控制引脚
   8          sbit LCD12864_PSB  =  P1^3;   //模式选择引脚，ST7920控制器，1为8位并行接口，0为串行接口
   9          #define LCDPORT P0    //数据引脚
  10          
  11          /******************************************************************************
  12          函数名称：LCD12864_WriteInfomation
  13          函数功能：向LCD12864写入命令或者数据
  14          入口参数：ucData-要写入液晶的数据或者命令的内容
  15                bComOrData-命令或者数据的标志位选择，0或者1，其中
  16                  1：写入的是数据
  17                0：写入的是命令
  18          返回值：无
  19          备注：无
  20          *******************************************************************************/
  21          void LCD12864_WriteInfomation(unsigned char ucData,bit bComOrData)
  22          {
  23   1        LCD12864_CheckBusy(); //忙检测
  24   1        LCD12864_RW = 0;  //拉低RW
  25   1        LCD12864_RS = bComOrData; //根据标志位判断写入的是命令还是数据
  26   1        delay(15);          //延时，等待操作
  27   1        LCDPORT = ucData;     //将数据送至数据端口
  28   1        LCD12864_EN = 1;      //使能信号
  29   1        delay(15);          //延时
  30   1        LCD12864_EN = 0;    //按照时序来操作
  31   1        delay(15);
  32   1      }
  33          
  34          /******************************************************************************
  35          函数名称：LCD12864_Init
  36          函数功能：LCD12864液晶初始化
  37          入口参数：无
  38          返回值：无
  39          备注：无
  40          *******************************************************************************/
  41          void LCD12864_Init(void)
  42          {
  43   1        delay(40);//延时
  44   1        LCD12864_PSB = 1; //8位并口工作模式
  45   1        delay(15);//延时
  46   1      
  47   1      
  48   1        LCD12864_WriteInfomation(0x30,0); //基本指令集
  49   1        delay(15);
  50   1        LCD12864_WriteInfomation(0x08,0);  //显示设置
  51   1        delay(15);
  52   1        LCD12864_WriteInfomation(0x10,0); //光标设置
  53   1        delay(15);
  54   1        LCD12864_WriteInfomation(0x0c,0); //游标设置
  55   1        delay(15);
C51 COMPILER V9.06   LCD12864                                                              06/02/2014 21:58:17 PAGE 2   

  56   1        LCD12864_WriteInfomation(0x01,0);  //清屏
  57   1        delay(15);
  58   1        LCD12864_WriteInfomation(0x06,0); //进入点设定
  59   1        delay(15);
  60   1          
  61   1      }
  62          
  63          /******************************************************************************
  64          函数名称：LCD12864_CheckBusy
  65          函数功能：忙检测
  66          入口参数：无
  67          返回值：无
  68          备注：使用变量i做计时，避免液晶在死循环处停滞。
  69          *******************************************************************************/
  70          void LCD12864_CheckBusy(void)
  71          {
  72   1        unsigned char i = 250;  //局部变量
  73   1        LCD12864_RS = 0;    //拉低
  74   1        LCD12864_RW = 1;    //拉高
  75   1        LCD12864_EN = 1;    //使能
  76   1        while((i > 0) && (P0 & 0x80))i--;  //判断忙标志位
  77   1        LCD12864_EN = 0;    //释放
  78   1      }
  79          
  80          /******************************************************************************
  81          函数名称：LCD12864_DisplayOneLine
  82          函数功能：显示一行汉字（8个汉字或者16个英文字符）
  83          入口参数：position-要显示的行的首地址，可选值0x80,0x88,0x90,0x98,其中：
  84                0x80:液晶的第一行；
  85                0x88:液晶的第三行；
  86                0x90:液晶的第二行；
  87                0x98:液晶的第四行。
  88                p-要显示的内容的首地址。
  89          返回值：无
  90          备注：无
  91          *******************************************************************************/
  92          void LCD12864_DisplayOneLine(unsigned char position,unsigned char *p)
  93          {
  94   1         unsigned char i;
  95   1         LCD12864_WriteInfomation(position,0);//写入要显示文字的行的首地址
  96   1         delay(15);
  97   1      
  98   1         for(i = 0;i<16;i++)    //依次执行写入操作
  99   1         {
 100   2           LCD12864_WriteInfomation(*p,1);
 101   2           p++;
 102   2         }
 103   1      }
 104          /******************************************************************************
 105          函数名称：LCD12864_set_pos
 106          函数功能：设定显示位置
 107          入口参数：X-行数，Y-列数
 108          返回值：无
 109          备注：无
 110          *******************************************************************************/
 111          void LCD12864_set_pos(unsigned char X,unsigned char Y)
 112          {
 113   1         unsigned char pos;
 114   1         if(X==1)
 115   1           X=0x80;
 116   1         else if(X==2)
 117   1           X=0x90;
C51 COMPILER V9.06   LCD12864                                                              06/02/2014 21:58:17 PAGE 3   

 118   1         else if(X==3)
 119   1           X=0x88;
 120   1         else if(X==4)
 121   1           X=0x98;
 122   1         
 123   1         pos=X+Y;
 124   1         LCD12864_WriteInfomation(pos,0);
 125   1      }
 126          /*****************************************
 127          函数名称：LCD_disp_list_char
 128          函数功能：在指定位置显示内容
 129          入口参数：X-行数，Y-列数，DData-显示缓冲地址
 130          返回值：无
 131          备注：无
 132          *****************************************/
 133          void LCD_disp_list_char(unsigned char X, unsigned char Y, char *DData)
 134          {
 135   1          unsigned char ListLength;
 136   1          
 137   1          ListLength = 0;
 138   1          LCD12864_set_pos(X,Y);
 139   1          delay(15);
 140   1          while(DData[ListLength]!=0)
 141   1        {
 142   2          LCD12864_WriteInfomation(DData[ListLength],1);
 143   2              ListLength++;
 144   2              Y++;
 145   2              if(Y==16){
 146   3                Y = 0;
 147   3                X++;
 148   3                LCD12864_set_pos(X,Y);
 149   3              }
 150   2          }
 151   1          //输出一行后发现结尾字符为英文字母，补一个空格
 152   1          if(ListLength%2){
 153   2          LCD12864_WriteInfomation(0,1);
 154   2          }
 155   1          return;
 156   1      }
 157          /******************************************************************************
 158          函数名称：delay
 159          函数功能：延时函数
 160          入口参数：uiCount-延时参数
 161          返回值：无
 162          备注：无
 163          *******************************************************************************/
 164          void delay(unsigned int n)
 165          {
 166   1        unsigned int i,j;
 167   1        for(i=0;i<n;i++)
 168   1          for(j=0;j<100;j++);
 169   1      }


MODULE INFORMATION:   STATIC OVERLAYABLE
   CODE SIZE        =    326    ----
   CONSTANT SIZE    =   ----    ----
   XDATA SIZE       =   ----    ----
   PDATA SIZE       =   ----    ----
   DATA SIZE        =   ----      11
   IDATA SIZE       =   ----    ----
   BIT SIZE         =   ----       1
C51 COMPILER V9.06   LCD12864                                                              06/02/2014 21:58:17 PAGE 4   

END OF MODULE INFORMATION.


C51 COMPILATION COMPLETE.  0 WARNING(S),  0 ERROR(S)
