C51 COMPILER V9.01   WIFI_GRAMAMER                                                         08/26/2015 17:06:35 PAGE 1   


C51 COMPILER V9.01, COMPILATION OF MODULE WIFI_GRAMAMER
OBJECT MODULE PLACED IN wifi-gramamer.OBJ
COMPILER INVOKED BY: D:\C51\BIN\C51.EXE wifi-gramamer.c BROWSE DEBUG OBJECTEXTEND

line level    source

   1          /***************************
   2          
   3          先把wifi模块设在flash置  AT+CWMODE=1   AT+CWJAP="ESP8266","123456789" 
   4          
   5          修改波特率9600
   6          
   7          ***************************/
   8          #include<reg52.h>
   9          #include"string.h"
  10          #include <ctype.h>
  11          #define uchar unsigned char
  12          #define uint unsigned int
  13          #define RX1_Lenth       16                      //串口接收缓冲长度
  14          uchar   RX1_Cnt=0;                      //接收计数
  15          bit flag=0;
  16          void Tranfer(uchar *s)
  17          {
  18   1               ES=0; 
  19   1         while(*s!='\0')
  20   1         {
  21   2           SBUF= toascii(*s);
  22   2               while(!TI);
  23   2               TI=0;
  24   2           s++;
  25   2         }
  26   1         ES=1;
  27   1      }                                                
  28          void Tranfer_f(uchar *s,uchar Lenth)
  29          {
  30   1               ES=0; 
  31   1         while(Lenth--!=0)
  32   1         {
  33   2           SBUF= toascii(*s++);
  34   2               while(!TI);
  35   2               TI=0;
  36   2         }
  37   1         ES=1;
  38   1      }
  39          
  40          
  41          uchar idata RX1_Buffer[RX1_Lenth]=0;    //接收缓冲
  42          
  43          
  44          
  45          
  46          void Delay2(unsigned long cnt)
  47          {
  48   1              long i;
  49   1              for(i=0;i<cnt*10;i++);
  50   1      }
  51          /* 配置wifi */
  52          void set_wifi()
  53          {
  54   1              Delay2(500);
  55   1          Tranfer("AT+RST\r\n");      
C51 COMPILER V9.01   WIFI_GRAMAMER                                                         08/26/2015 17:06:35 PAGE 2   

  56   1              Delay2(1000);
  57   1              Tranfer("AT+CIPMUX=0\r\n");      //单链接
  58   1              Delay2(500);
  59   1          Tranfer("AT+CIPSTART=\"TCP\",\"192.168.4.1\",5000\r\n");
  60   1              Delay2(1000);
  61   1      
  62   1      }
  63          void main()
  64          {
  65   1      //    uchar i;
  66   1          SCON=0X50;                  //设置为工作方式1
  67   1              TMOD=0X20;                      //设置计数器工作方式1
  68   1              TH1=0XFD;                   //计数器初始值设置，注意波特率是9600
  69   1              TL1=0XFD;       
  70   1              TR1=1;                                              //打开计数器
  71   1              set_wifi();
  72   1              ES=1;                                           //打开接收中断
  73   1              EA=1;                                   //打开总中断
  74   1              while(1)
  75   1              {
  76   2      
  77   2      
  78   2                /*一直在采集信息，采集到信息 发送数据*/
  79   2      //        if((RX1_Buffer[0]=='T')&&(RX1_Buffer[9]=='R'))//接收到正确数据
  80   2      //        {
  81   2                /*  实验用灯显示   */
  82   2                  Delay2(500);
  83   2                  Tranfer("AT+CIPSEND=11\r\n");
  84   2                      Delay2(200);
  85   2                      Tranfer("R432.240.1E");   //     给主机发送十一个字节的数据
  86   2                      Delay2(500);
  87   2      //        }
  88   2      //         
  89   2      //        else
  90   2      //         {
  91   2                 if(flag==1)
  92   2             {  
  93   3                    Tranfer_f(RX1_Buffer,11); //       发送十一个字节数据给上位机      第二位ID
  94   3                        flag=0;
  95   3                 }
  96   2      //         }
  97   2              }
  98   1      
  99   1      }
 100          
 101          
 102          
 103          void Usart() interrupt 4
 104          {
 105   1          
 106   1              if(RI)
 107   1              {
 108   2                 RI=0;
 109   2                 RX1_Buffer[RX1_Cnt]=SBUF;    //接收缓冲   接收完数据显示
 110   2                 if(RX1_Buffer[0]=='T')       // T
 111   2                 {
 112   3                              RX1_Cnt++;
 113   3                 }
 114   2                      else
 115   2                      {
 116   3                          
 117   3                              RX1_Cnt=0;
C51 COMPILER V9.01   WIFI_GRAMAMER                                                         08/26/2015 17:06:35 PAGE 3   

 118   3                      }
 119   2                      if(RX1_Cnt>=10)
 120   2                      {
 121   3                           RX1_Cnt=0;
 122   3                               flag=1;           
 123   3                      }   
 124   2              }
 125   1      }


MODULE INFORMATION:   STATIC OVERLAYABLE
   CODE SIZE        =    326    ----
   CONSTANT SIZE    =     90    ----
   XDATA SIZE       =   ----    ----
   PDATA SIZE       =   ----    ----
   DATA SIZE        =      1      11
   IDATA SIZE       =     16    ----
   BIT SIZE         =      1    ----
END OF MODULE INFORMATION.


C51 COMPILATION COMPLETE.  0 WARNING(S),  0 ERROR(S)
