C51 COMPILER V9.01   WIFI_GRAMAMER                                                         08/26/2015 19:02:14 PAGE 1   


C51 COMPILER V9.01, COMPILATION OF MODULE WIFI_GRAMAMER
OBJECT MODULE PLACED IN wifi-gramamer.OBJ
COMPILER INVOKED BY: D:\C51\BIN\C51.EXE wifi-gramamer.c BROWSE DEBUG OBJECTEXTEND

line level    source

   1          #include<reg52.h>
   2          #include<head_file.h>
   3          #include"string.h"
   4          #include <ctype.h>
   5          
   6          #define RX1_Lenth       32                      //串口接收缓冲长度
   7          
   8          uchar   RX1_Cnt=0;                      //接收计数
   9          bit flag=0;
  10          
  11          extern  uchar  U8T_data_H,U8T_data_L,U8RH_data_H,U8RH_data_L,U8checkdata;
  12          uchar code senddata[10]={0x30,0x31,0x32,0x33,0x34,0x35,0x36,0x37,0x38,0x39};
  13          uchar idata RX1_Buffer[RX1_Lenth];      //接收缓冲
  14          uchar time=0;
  15          void Delay2(unsigned long cnt)
  16          {
  17   1              long i;
  18   1              for(i=0;i<cnt*50;i++);
  19   1      }
  20          void Tranfer(uchar *s)
  21          {
  22   1       
  23   1         while(*s!='\0')
  24   1         {
  25   2           SBUF= toascii(*s);
  26   2               while(!TI);
  27   2               TI=0;
  28   2           s++;
  29   2               Delay2(1);
  30   2         }
  31   1      
  32   1      }                                                
  33          
  34          
  35          /* *******************配置wifi******************/
  36          void set_wifi(void)
  37          {
  38   1          write(0,0x80);
  39   1              print("系统初始化...");
  40   1          Delay2(500);
  41   1          Tranfer("AT+RST\r\n");
  42   1              write(0,0x80);
  43   1              print("系统初始化....");        
  44   1              Delay2(1000);
  45   1              Tranfer("AT+CIPMUX=0\r\n");      //单链接
  46   1              write(0,0x80);
  47   1              print("系统初始化失败");
  48   1              Delay2(500);
  49   1          Tranfer("AT+CIPSTART=\"TCP\",\"192.168.4.1\",5000\r\n");
  50   1              write(0,0x80);
  51   1              print("应该成功了~~");
  52   1              Delay2(1000);
  53   1          Tranfer("AT+CIPMODE=1\r\n");         //透传模式
  54   1              Delay2(500);
  55   1              Tranfer("AT+CIPSEND=10\r\n");
C51 COMPILER V9.01   WIFI_GRAMAMER                                                         08/26/2015 19:02:14 PAGE 2   

  56   1              Delay2(500);
  57   1              write(0,0x80);
  58   1              print("接收数据中....");
  59   1          
  60   1      }
  61          /********************系统初始化**************************/
  62          void SysInit()
  63          {
  64   1         lcdinit();
  65   1          SCON=0X50;                  //设置为工作方式1
  66   1              TMOD=0X21;                      //设置计数器工作方式1
  67   1              TH1=0XFD;                   //计数器初始值设置，注意波特率是9600
  68   1              TL1=0XFD;
  69   1              TH0=0X3C;
  70   1              TL0=0XB0;       
  71   1              TR1=1;
  72   1              ET0=1;                                              //打开计数器
  73   1              set_wifi();                                             //打开接收中断
  74   1              EA=1;                                   //打开总中断
  75   1              ES=1;
  76   1               
  77   1      U8checkdata=0;  
  78   1      }
  79          
  80          /******************************显示函数接收到数据才显示操场并打开定时器***********************************
             -***************/
  81          void Display(uchar a,uchar b,uchar c, uchar d,uchar e,uchar f)
  82          {
  83   1        if(flag)
  84   1                {     
  85   2                 TR0=1;
  86   2                 write(0,0x80);
  87   2                 print("      操场      ");
  88   2                 write(0,0x90);
  89   2                 print("温度:");
  90   2                 write(1,RX1_Buffer[2]);
  91   2                 write(1,RX1_Buffer[3]);
  92   2                 write(1,RX1_Buffer[4]);
  93   2                 write(1,RX1_Buffer[5]);
  94   2                 write(0,0x88);
  95   2                 print("湿度:");
  96   2                 write(1,RX1_Buffer[6]);
  97   2                 write(1,RX1_Buffer[7]);
  98   2                 write(1,RX1_Buffer[8]);
  99   2                 write(1,RX1_Buffer[9]);
 100   2                 write(0,0x98);
 101   2                 print("烟雾:e");
 102   2                }
 103   1         else
 104   1                {
 105   2                 write(0,0x80);
 106   2                 print("      房间内");
 107   2                 write(0,0x90);
 108   2                 print("温度:");
 109   2                 write(1,a+48);
 110   2                 write(1,b+48);
 111   2                 write(1,'.');
 112   2                 write(1,c+48);
 113   2                 write(0,0x88);
 114   2                 print("湿度:");
 115   2                 write(1,d+48);
 116   2                 write(1,e+48);
C51 COMPILER V9.01   WIFI_GRAMAMER                                                         08/26/2015 19:02:14 PAGE 3   

 117   2                 write(1,'.');
 118   2                 write(1,f+48);
 119   2                 write(0,0x98);
 120   2                 print("烟雾:");
 121   2                }              
 122   1      }
 123          /***************传感器接收到数据开始处理，并显示房间内温湿度********************/
 124          void Dealdata()
 125          {
 126   1          uchar a,b,c,d,e,f;
 127   1              if(U8checkdata)
 128   1              {
 129   2             U8T_data_H%=100;
 130   2                 a=U8T_data_H/10;
 131   2                 b=U8T_data_H%10;
 132   2                 c=U8T_data_L%10;
 133   2                 U8RH_data_H%=100;
 134   2                 d=U8RH_data_H/10;
 135   2                 e=U8RH_data_H%10;
 136   2                 f=U8RH_data_L%10;
 137   2           Display(a,b,c,d,e,f);
 138   2               SendData(a,b,c,d,e,f);
 139   2         }
 140   1      }
 141          void SendData(uchar a,uchar b,uchar c,uchar d,uchar e,uchar f)
 142          {
 143   1             ES=0;
 144   1             Tranfer("R1");
 145   1                 SBUF=a;   Delay2(1);
 146   1                 SBUF=b;       Delay2(1);
 147   1                 SBUF='.'; Delay2(1);
 148   1                 SBUF=c;       Delay2(1);
 149   1                 SBUF=d;       Delay2(1);
 150   1                 SBUF=e;       Delay2(1);
 151   1                 SBUF='.'; Delay2(1);
 152   1                 SBUF=f;   Delay2(20);
 153   1                 ES=1;
 154   1      }
 155          /************************主函数****************************/
 156          void main()
 157          {
 158   1         SysInit(); 
 159   1              while(1)
 160   1              {
 161   2                /*一直在采集信息，采集到信息 发送数据*/
 162   2                 RH();
 163   2                 Dealdata();     
 164   2              }
 165   1      
 166   1      }
 167          /*********************定时器函数****************************/
 168          void time0() interrupt 1
 169          {
 170   1          TH0=0X3C;
 171   1              TL0=0XB0;
 172   1          time++;
 173   1              if(time==40)
 174   1              {
 175   2                flag=~flag;
 176   2              }
 177   1      }
 178          
C51 COMPILER V9.01   WIFI_GRAMAMER                                                         08/26/2015 19:02:14 PAGE 4   

 179          /*********************中断函数****************************/
 180          void Usart() interrupt 4
 181          {
 182   1         TR0=0; 
 183   1              if(RI)
 184   1              {
 185   2                 RI=0;
 186   2                 RX1_Buffer[RX1_Cnt]=SBUF;    //接收缓冲   接收完数据显示
 187   2                 if(RX1_Buffer[0]==0X52)      // R
 188   2                 {
 189   3                              RX1_Cnt++;
 190   3                 }
 191   2                      else
 192   2                      {
 193   3                          
 194   3                              RX1_Cnt=0;
 195   3                      }
 196   2                      if(RX1_Cnt>=12)
 197   2                      {
 198   3                        if(RX1_Buffer[1]==0x31)
 199   3                        {
 200   4                           RX1_Cnt=0;
 201   4                               flag=1;
 202   4                        }
 203   3                        else
 204   3                         RX1_Cnt=0;              
 205   3                      }   
 206   2              }
 207   1              TR0=1;
 208   1      }


MODULE INFORMATION:   STATIC OVERLAYABLE
   CODE SIZE        =    929    ----
   CONSTANT SIZE    =    232    ----
   XDATA SIZE       =   ----    ----
   PDATA SIZE       =   ----    ----
   DATA SIZE        =      2      29
   IDATA SIZE       =     32    ----
   BIT SIZE         =      2    ----
END OF MODULE INFORMATION.


C51 COMPILATION COMPLETE.  0 WARNING(S),  0 ERROR(S)
