C51 COMPILER V9.01   WIFI_GRAMAMER                                                         08/26/2015 16:59:37 PAGE 1   


C51 COMPILER V9.01, COMPILATION OF MODULE WIFI_GRAMAMER
OBJECT MODULE PLACED IN wifi-gramamer.OBJ
COMPILER INVOKED BY: D:\C51\BIN\C51.EXE wifi-gramamer.c BROWSE DEBUG OBJECTEXTEND

line level    source

   1          #include<reg52.h>
   2          #include<head_file.h>
   3          #include"string.h"
   4          #include <ctype.h>
   5          
   6          #define RX1_Lenth       32                      //串口接收缓冲长度
   7          uchar   RX1_Cnt=0;                      //接收计数
   8          bit flag=0,flag2=0;
   9          extern uchar  U8T_data_H,U8T_data_L,U8RH_data_H,U8RH_data_L,U8checkdata;//传感器采集数据的保存地方都是八位
             -数据
  10          void Delay2(unsigned long cnt)
  11          {
  12   1              long i;
  13   1              for(i=0;i<cnt*100;i++);
  14   1      }
  15          void Tranfer(uchar *s)
  16          {
  17   1         while(*s!='\0')
  18   1         {
  19   2           SBUF= toascii(*s);
  20   2               while(!TI);
  21   2               TI=0;
  22   2           s++;
  23   2               Delay2(1);
  24   2         }
  25   1      }                                                
  26          
  27          uchar idata RX1_Buffer[RX1_Lenth]=0;    //接收缓冲
  28          
  29          
  30          /* 配置wifi */
  31          void set_wifi(void)
  32          {
  33   1          Delay2(1000);
  34   1              Tranfer("AT+CWMODE=1\r\n");
  35   1              Delay2(1000);   
  36   1          Tranfer("AT+RST\r\n");      
  37   1              Delay2(1000);
  38   1              Tranfer("AT+CWLAP\r\n");        
  39   1              Delay2(2000);
  40   1              Tranfer("AT+CIPMUX=0\r\n");      //单链接
  41   1              Delay2(1000);   
  42   1          Tranfer("AT+CWJAP=\"ESP8266\",\"0123456789\"\r\n");
  43   1              Delay2(3000);
  44   1              Tranfer("AT+CIFSR\r\n");        
  45   1              Delay2(500);
  46   1              Tranfer("AT+CIPSTART=\"TCP\",\"192.168.4.1\",5000\r\n");
  47   1              Delay2(2000);
  48   1              Tranfer("AT+CIPMODE=1\r\n");   //透传模式
  49   1              Delay2(1000);
  50   1              Tranfer("AT+CIPSEND\r\n");
  51   1              Delay2(1000);
  52   1      
  53   1      }
  54          
C51 COMPILER V9.01   WIFI_GRAMAMER                                                         08/26/2015 16:59:37 PAGE 2   

  55          void SendData()
  56          {
  57   1       uchar a,b,c,d,e,f;
  58   1        if(U8checkdata)
  59   1                {
  60   2                 U8T_data_H%=100;
  61   2                 a=U8T_data_H/10;
  62   2                 b=U8T_data_H%10;
  63   2                 c=U8T_data_L%=10;
  64   2                 U8RH_data_H%=100;
  65   2                 d=U8RH_data_H/10;
  66   2                 e=U8RH_data_H%10;
  67   2                 f=U8RH_data_L%=10;
  68   2                 Tranfer("R4");
  69   2                 SBUF=a;   Delay2(1);
  70   2                 SBUF=b;       Delay2(1);
  71   2                 SBUF='.'; Delay2(1);
  72   2                 SBUF=c;       Delay2(1);
  73   2                 SBUF=d;       Delay2(1);
  74   2                 SBUF='.'; Delay2(1);
  75   2                 SBUF=f;   Delay2(1);
  76   2                 SBUF='T'; Delay2(10);
  77   2                }
  78   1      }
  79          void main()
  80          {
  81   1        
  82   1          SCON=0X50;                  //设置为工作方式1
  83   1              TMOD=0X20;                      //设置计数器工作方式1
  84   1              TH1=0XFD;                   //计数器初始值设置，注意波特率是9600
  85   1              TL1=0XFD;       
  86   1              TR1=1;                                              //打开计数器
  87   1              set_wifi();
  88   1              while(1)
  89   1              {
  90   2                /*一直在采集信息，采集到信息 发送数据*/
  91   2                 RH();
  92   2               SendData();     
  93   2              }
  94   1      
  95   1      }
  96          
  97          
  98          


MODULE INFORMATION:   STATIC OVERLAYABLE
   CODE SIZE        =    447    ----
   CONSTANT SIZE    =    163    ----
   XDATA SIZE       =   ----    ----
   PDATA SIZE       =   ----    ----
   DATA SIZE        =      1      17
   IDATA SIZE       =     32    ----
   BIT SIZE         =      3    ----
END OF MODULE INFORMATION.


C51 COMPILATION COMPLETE.  0 WARNING(S),  0 ERROR(S)
